
Feb 27, 2018 22:24:20.97 NEW SESSION
Feb 27, 2018 22:24:20.97 Unable to read VR Path Registry from C:\Users\Joliver-PC\AppData\Local\openvr\openvrpaths.vrpath
Feb 27, 2018 22:24:20.97 [Child 12916, Chrome_ChildThread] WARNING: pipe error: 109: file z:/build/build/src/ipc/chromium/src/chrome/common/ipc_channel_win.cc, line 346
Feb 27, 2018 22:24:20.97 [Child 12916, Chrome_ChildThread] WARNING: pipe error: 109: file z:/build/build/src/ipc/chromium/src/chrome/common/ipc_channel_win.cc, line 346
Feb 27, 2018 22:24:21.07 Unable to read VR Path Registry from C:\Users\Joliver-PC\AppData\Local\openvr\openvrpaths.vrpath
Feb 27, 2018 22:24:21.07 [Child 15592, Chrome_ChildThread] WARNING: pipe error: 109: file z:/build/build/src/ipc/chromium/src/chrome/common/ipc_channel_win.cc, line 346
Feb 27, 2018 22:24:21.07 [Child 15592, Chrome_ChildThread] WARNING: pipe error: 109: file z:/build/build/src/ipc/chromium/src/chrome/common/ipc_channel_win.cc, line 346
Feb 27, 2018 22:24:38.37 Unable to read VR Path Registry from C:\Users\Joliver-PC\AppData\Local\openvr\openvrpaths.vrpath
Feb 27, 2018 22:24:38.37 [Parent 16120, Gecko_IOThread] WARNING: pipe error: 109: file z:/build/build/src/ipc/chromium/src/chrome/common/ipc_channel_win.cc, line 346
Feb 27, 2018 22:24:38.38 Unable to read VR Path Registry from C:\Users\Joliver-PC\AppData\Local\openvr\openvrpaths.vrpath
Feb 27, 2018 22:24:38.38 [Child 13056, Chrome_ChildThread] WARNING: pipe error: 109: file z:/build/build/src/ipc/chromium/src/chrome/common/ipc_channel_win.cc, line 346
Feb 27, 2018 22:24:38.38 Unable to read VR Path Registry from C:\Users\Joliver-PC\AppData\Local\openvr\openvrpaths.vrpath
Feb 27, 2018 22:24:38.38 [Child 852, Chrome_ChildThread] WARNING: pipe error: 109: file z:/build/build/src/ipc/chromium/src/chrome/common/ipc_channel_win.cc, line 346
Feb 27, 2018 22:24:38.39 [Child 852, Chrome_ChildThread] WARNING: pipe error: 109: file z:/build/build/src/ipc/chromium/src/chrome/common/ipc_channel_win.cc, line 346
Feb 27, 2018 22:24:38.39 Unable to read VR Path Registry from C:\Users\Joliver-PC\AppData\Local\openvr\openvrpaths.vrpath
Feb 27, 2018 22:24:38.39 [Child 1540, Chrome_ChildThread] WARNING: pipe error: 109: file z:/build/build/src/ipc/chromium/src/chrome/common/ipc_channel_win.cc, line 346
Feb 27, 2018 22:24:38.41 [Parent 16120, Gecko_IOThread] WARNING: pipe error: 109: file z:/build/build/src/ipc/chromium/src/chrome/common/ipc_channel_win.cc, line 346
Feb 27, 2018 22:24:38.62 
Feb 27, 2018 22:24:38.62 ###!!! [Child][MessageChannel::SendAndWait] Error: Channel error: cannot send/recv
Feb 27, 2018 22:24:38.62 
Feb 27, 2018 22:28:02.68 Unable to read VR Path Registry from C:\Users\Joliver-PC\AppData\Local\openvr\openvrpaths.vrpath
Feb 27, 2018 22:28:02.68 [Child 17004, Chrome_ChildThread] WARNING: pipe error: 109: file z:/build/build/src/ipc/chromium/src/chrome/common/ipc_channel_win.cc, line 346
Feb 27, 2018 22:28:35.04 Unable to read VR Path Registry from C:\Users\Joliver-PC\AppData\Local\openvr\openvrpaths.vrpath
Feb 27, 2018 22:28:35.05 [Child 12924, Chrome_ChildThread] WARNING: pipe error: 109: file z:/build/build/src/ipc/chromium/src/chrome/common/ipc_channel_win.cc, line 346
Feb 28, 2018 24:01:45.86 Unable to read VR Path Registry from C:\Users\Joliver-PC\AppData\Local\openvr\openvrpaths.vrpath
Feb 28, 2018 24:01:45.86 [Parent 16468, Gecko_IOThread] WARNING: pipe error: 109: file z:/build/build/src/ipc/chromium/src/chrome/common/ipc_channel_win.cc, line 346
Feb 28, 2018 24:01:45.86 [Parent 16468, Gecko_IOThread] WARNING: pipe error: 109: file z:/build/build/src/ipc/chromium/src/chrome/common/ipc_channel_win.cc, line 346
Feb 28, 2018 24:01:45.86 [Parent 16468, Gecko_IOThread] WARNING: pipe error: 109: file z:/build/build/src/ipc/chromium/src/chrome/common/ipc_channel_win.cc, line 346
Feb 28, 2018 24:01:45.86 [Parent 16468, Gecko_IOThread] WARNING: pipe error: 109: file z:/build/build/src/ipc/chromium/src/chrome/common/ipc_channel_win.cc, line 346
Feb 28, 2018 24:01:45.87 [Parent 16468, Gecko_IOThread] WARNING: pipe error: 109: file z:/build/build/src/ipc/chromium/src/chrome/common/ipc_channel_win.cc, line 346
Feb 28, 2018 24:01:45.87 Unable to read VR Path Registry from C:\Users\Joliver-PC\AppData\Local\openvr\openvrpaths.vrpath
Feb 28, 2018 24:01:45.87 [Child 9696, Chrome_ChildThread] WARNING: pipe error: 109: file z:/build/build/src/ipc/chromium/src/chrome/common/ipc_channel_win.cc, line 346
Feb 28, 2018 24:01:45.87 [Child 9696, Chrome_ChildThread] WARNING: pipe error: 109: file z:/build/build/src/ipc/chromium/src/chrome/common/ipc_channel_win.cc, line 346
Feb 28, 2018 24:01:45.87 Unable to read VR Path Registry from C:\Users\Joliver-PC\AppData\Local\openvr\openvrpaths.vrpath
Feb 28, 2018 24:01:45.87 [Child 16212, Chrome_ChildThread] WARNING: pipe error: 109: file z:/build/build/src/ipc/chromium/src/chrome/common/ipc_channel_win.cc, line 346
Feb 28, 2018 24:01:45.88 Unable to read VR Path Registry from C:\Users\Joliver-PC\AppData\Local\openvr\openvrpaths.vrpath
Feb 28, 2018 24:01:45.88 [Child 13348, Chrome_ChildThread] WARNING: pipe error: 109: file z:/build/build/src/ipc/chromium/src/chrome/common/ipc_channel_win.cc, line 346
Feb 28, 2018 24:01:45.88 [Child 13348, Chrome_ChildThread] WARNING: pipe error: 109: file z:/build/build/src/ipc/chromium/src/chrome/common/ipc_channel_win.cc, line 346
Feb 28, 2018 24:01:45.89 Unable to read VR Path Registry from C:\Users\Joliver-PC\AppData\Local\openvr\openvrpaths.vrpath
Feb 28, 2018 24:01:45.89 [Child 13296, Chrome_ChildThread] WARNING: pipe error: 109: file z:/build/build/src/ipc/chromium/src/chrome/common/ipc_channel_win.cc, line 346
